{"level":"error","message":"Something failed during startup...Something failed during startup...","stack":"Error: Something failed during startup...\n    at Object.<anonymous> (/Users/chinaza/Documents/development/nodejs/training/vidly-node-api/index.js:35:26)\n    at Module._compile (internal/modules/cjs/loader.js:1158:30)\n    at Object.Module._extensions..js (internal/modules/cjs/loader.js:1178:10)\n    at Module.load (internal/modules/cjs/loader.js:1002:32)\n    at Function.Module._load (internal/modules/cjs/loader.js:901:14)\n    at Function.executeUserEntryPoint [as runMain] (internal/modules/run_main.js:74:12)\n    at internal/main/run_main_module.js:18:47"}
{"message":"listening on port 3000...","level":"info"}
{"message":"Connected to mongodb://localhost/vidly_mine...","level":"info"}
{"message":"listening on port 3000...","level":"info"}
{"message":"Connected to mongodb://localhost/vidly_mine...","level":"info"}
{"message":"listening on port 3000...","level":"info"}
{"message":"Connected to mongodb://localhost/vidly_mine_tests...","level":"info"}
{"message":"listening on port 3000...","level":"info"}
{"message":"Connected to mongodb://localhost/vidly_mine_tests...","level":"info"}
{"message":"listening on port 3000...","level":"info"}
{"message":"Connected to mongodb://localhost/vidly_mine_tests...","level":"info"}
{"message":"listening on port 3000...","level":"info"}
{"message":"Connected to mongodb://localhost/vidly_mine_tests...","level":"info"}
{"message":"listening on port 3000...","level":"info"}
{"message":"Connected to mongodb://localhost/vidly_mine_tests...","level":"info"}
{"message":"listening on port 3000...","level":"info"}
{"message":"Connected to mongodb://localhost/vidly_mine_tests...","level":"info"}
{"message":"listening on port 3000...","level":"info"}
{"message":"Connected to mongodb://localhost/vidly_mine_tests...","level":"info"}
{"message":"listening on port 3000...","level":"info"}
{"message":"Connected to mongodb://localhost/vidly_mine_tests...","level":"info"}
{"message":"listening on port 3000...","level":"info"}
{"message":"Connected to mongodb://localhost/vidly_mine_tests...","level":"info"}
{"message":"listening on port 3000...","level":"info"}
{"message":"Connected to mongodb://localhost/vidly_mine_tests...","level":"info"}
{"message":"listening on port 3000...","level":"info"}
{"message":"Connected to mongodb://localhost/vidly_mine_tests...","level":"info"}
{"message":"listening on port 3000...","level":"info"}
{"message":"Connected to mongodb://localhost/vidly_mine_tests...","level":"info"}
{"message":"Cast to ObjectId failed for value \"1\" at path \"_id\" for model \"Genre\"Cast to ObjectId failed for value \"1\" at path \"_id\" for model \"Genre\"","name":"CastError","stringValue":"\"1\"","value":"1","path":"_id","reason":{},"level":"error","stack":"CastError: Cast to ObjectId failed for value \"1\" at path \"_id\" for model \"Genre\"\n    at new CastError (/Users/chinaza/Documents/development/nodejs/training/vidly-node-api/node_modules/mongoose/lib/error/cast.js:29:11)\n    at model.Query.exec (/Users/chinaza/Documents/development/nodejs/training/vidly-node-api/node_modules/mongoose/lib/query.js:4341:21)\n    at model.Query.Query.then (/Users/chinaza/Documents/development/nodejs/training/vidly-node-api/node_modules/mongoose/lib/query.js:4433:15)\n    at processTicksAndRejections (internal/process/task_queues.js:97:5)"}
{"message":"listening on port 3000...","level":"info"}
{"message":"Connected to mongodb://localhost/vidly_mine_tests...","level":"info"}
{"message":"listening on port 3000...","level":"info"}
{"message":"Connected to mongodb://localhost/vidly_mine_tests...","level":"info"}
{"message":"listening on port 3000...","level":"info"}
{"message":"Connected to mongodb://localhost/vidly_mine_tests...","level":"info"}
{"message":"listening on port 3000...","level":"info"}
{"message":"Connected to mongodb://localhost/vidly_mine_tests...","level":"info"}
{"message":"listening on port 3000...","level":"info"}
{"message":"Connected to mongodb://localhost/vidly_mine_tests...","level":"info"}
{"message":"listening on port 3000...","level":"info"}
{"message":"Connected to mongodb://localhost/vidly_mine_tests...","level":"info"}
{"message":"listening on port 3000...","level":"info"}
{"message":"Connected to mongodb://localhost/vidly_mine_tests...","level":"info"}
{"message":"listening on port 3000...","level":"info"}
{"message":"Connected to mongodb://localhost/vidly_mine_tests...","level":"info"}
{"errors":{"name":{"message":"Path `name` (`1234`) is shorter than the minimum allowed length (5).","name":"ValidatorError","properties":{"message":"Path `name` (`1234`) is shorter than the minimum allowed length (5).","type":"minlength","minlength":5,"path":"name","value":"1234"},"kind":"minlength","path":"name","value":"1234"}},"_message":"Genre validation failed","message":"Genre validation failed: name: Path `name` (`1234`) is shorter than the minimum allowed length (5).Genre validation failed: name: Path `name` (`1234`) is shorter than the minimum allowed length (5).","name":"ValidationError","level":"error","stack":"ValidationError: Genre validation failed: name: Path `name` (`1234`) is shorter than the minimum allowed length (5).\n    at new ValidationError (/Users/chinaza/Documents/development/nodejs/training/vidly-node-api/node_modules/mongoose/lib/error/validation.js:31:11)\n    at model.Document.invalidate (/Users/chinaza/Documents/development/nodejs/training/vidly-node-api/node_modules/mongoose/lib/document.js:2563:32)\n    at /Users/chinaza/Documents/development/nodejs/training/vidly-node-api/node_modules/mongoose/lib/document.js:2385:17\n    at /Users/chinaza/Documents/development/nodejs/training/vidly-node-api/node_modules/mongoose/lib/schematype.js:1181:9\n    at processTicksAndRejections (internal/process/task_queues.js:79:11)"}
{"message":"listening on port 3000...","level":"info"}
{"message":"Connected to mongodb://localhost/vidly_mine_tests...","level":"info"}
{"message":"listening on port 3000...","level":"info"}
{"message":"Connected to mongodb://localhost/vidly_mine_tests...","level":"info"}
{"message":"listening on port 3000...","level":"info"}
{"message":"Connected to mongodb://localhost/vidly_mine_tests...","level":"info"}
{"message":"listening on port 3000...","level":"info"}
{"message":"Connected to mongodb://localhost/vidly_mine_tests...","level":"info"}
{"message":"listening on port 3000...","level":"info"}
{"message":"Connected to mongodb://localhost/vidly_mine_tests...","level":"info"}
{"message":"listening on port 3000...","level":"info"}
{"message":"Connected to mongodb://localhost/vidly_mine_tests...","level":"info"}
{"errors":{"name":{"message":"Path `name` (`aaaaaaaaaaaaaaaaaaaaaaaaaaaaaaaaaaaaaaaaaaaaaaaaaaa`) is longer than the maximum allowed length (50).","name":"ValidatorError","properties":{"message":"Path `name` (`aaaaaaaaaaaaaaaaaaaaaaaaaaaaaaaaaaaaaaaaaaaaaaaaaaa`) is longer than the maximum allowed length (50).","type":"maxlength","maxlength":50,"path":"name","value":"aaaaaaaaaaaaaaaaaaaaaaaaaaaaaaaaaaaaaaaaaaaaaaaaaaa"},"kind":"maxlength","path":"name","value":"aaaaaaaaaaaaaaaaaaaaaaaaaaaaaaaaaaaaaaaaaaaaaaaaaaa"}},"_message":"Genre validation failed","message":"Genre validation failed: name: Path `name` (`aaaaaaaaaaaaaaaaaaaaaaaaaaaaaaaaaaaaaaaaaaaaaaaaaaa`) is longer than the maximum allowed length (50).Genre validation failed: name: Path `name` (`aaaaaaaaaaaaaaaaaaaaaaaaaaaaaaaaaaaaaaaaaaaaaaaaaaa`) is longer than the maximum allowed length (50).","name":"ValidationError","level":"error","stack":"ValidationError: Genre validation failed: name: Path `name` (`aaaaaaaaaaaaaaaaaaaaaaaaaaaaaaaaaaaaaaaaaaaaaaaaaaa`) is longer than the maximum allowed length (50).\n    at new ValidationError (/Users/chinaza/Documents/development/nodejs/training/vidly-node-api/node_modules/mongoose/lib/error/validation.js:31:11)\n    at model.Document.invalidate (/Users/chinaza/Documents/development/nodejs/training/vidly-node-api/node_modules/mongoose/lib/document.js:2563:32)\n    at /Users/chinaza/Documents/development/nodejs/training/vidly-node-api/node_modules/mongoose/lib/document.js:2385:17\n    at /Users/chinaza/Documents/development/nodejs/training/vidly-node-api/node_modules/mongoose/lib/schematype.js:1181:9\n    at processTicksAndRejections (internal/process/task_queues.js:79:11)"}
{"message":"listening on port 3000...","level":"info"}
{"message":"Connected to mongodb://localhost/vidly_mine_tests...","level":"info"}
{"message":"listening on port 3000...","level":"info"}
{"message":"Connected to mongodb://localhost/vidly_mine_tests...","level":"info"}
{"message":"listening on port 3000...","level":"info"}
{"message":"Connected to mongodb://localhost/vidly_mine_tests...","level":"info"}
{"message":"listening on port 3000...","level":"info"}
{"message":"Connected to mongodb://localhost/vidly_mine_tests...","level":"info"}
{"message":"listening on port 3000...","level":"info"}
{"message":"Connected to mongodb://localhost/vidly_mine_tests...","level":"info"}
{"message":"listening on port 3000...","level":"info"}
{"message":"Connected to mongodb://localhost/vidly_mine_tests...","level":"info"}
{"message":"listening on port 3000...","level":"info"}
{"message":"Connected to mongodb://localhost/vidly_mine_tests...","level":"info"}
{"message":"listening on port 3000...","level":"info"}
{"message":"Connected to mongodb://localhost/vidly_mine_tests...","level":"info"}
{"message":"listening on port 3000...","level":"info"}
{"message":"Connected to mongodb://localhost/vidly_mine_tests...","level":"info"}
{"message":"listening on port 3000...","level":"info"}
{"message":"Connected to mongodb://localhost/vidly_mine_tests...","level":"info"}
{"message":"listening on port 3000...","level":"info"}
{"message":"Connected to mongodb://localhost/vidly_mine_tests...","level":"info"}
{"message":"listening on port 3000...","level":"info"}
{"message":"Connected to mongodb://localhost/vidly_mine_tests...","level":"info"}
{"message":"listening on port 3000...","level":"info"}
{"message":"Connected to mongodb://localhost/vidly_mine_tests...","level":"info"}
{"message":"listening on port 3000...","level":"info"}
{"message":"Connected to mongodb://localhost/vidly_mine_tests...","level":"info"}
{"message":"listening on port 3000...","level":"info"}
{"message":"Connected to mongodb://localhost/vidly_mine_tests...","level":"info"}
{"message":"listening on port 3000...","level":"info"}
{"message":"Connected to mongodb://localhost/vidly_mine_tests...","level":"info"}
{"message":"listening on port 3000...","level":"info"}
{"message":"Connected to mongodb://localhost/vidly_mine_tests...","level":"info"}
{"message":"listening on port 3000...","level":"info"}
{"message":"Connected to mongodb://localhost/vidly_mine_tests...","level":"info"}
{"message":"listening on port 3000...","level":"info"}
{"message":"Connected to mongodb://localhost/vidly_mine_tests...","level":"info"}
{"message":"listening on port 3000...","level":"info"}
{"message":"Connected to mongodb://localhost/vidly_mine_tests...","level":"info"}
{"message":"listening on port 3000...","level":"info"}
{"message":"Connected to mongodb://localhost/vidly_mine_tests...","level":"info"}
{"message":"listening on port 3000...","level":"info"}
{"message":"Connected to mongodb://localhost/vidly_mine_tests...","level":"info"}
{"message":"listening on port 3000...","level":"info"}
{"message":"Connected to mongodb://localhost/vidly_mine_tests...","level":"info"}
{"message":"listening on port 3000...","level":"info"}
{"message":"Connected to mongodb://localhost/vidly_mine_tests...","level":"info"}
{"message":"listening on port 3000...","level":"info"}
{"message":"Connected to mongodb://localhost/vidly_mine_tests...","level":"info"}
{"message":"listening on port 3000...","level":"info"}
{"message":"Connected to mongodb://localhost/vidly_mine_tests...","level":"info"}
{"message":"listening on port 3000...","level":"info"}
{"message":"Connected to mongodb://localhost/vidly_mine_tests...","level":"info"}
{"message":"listening on port 3000...","level":"info"}
{"message":"Connected to mongodb://localhost/vidly_mine_tests...","level":"info"}
{"message":"listening on port 3000...","level":"info"}
{"message":"Connected to mongodb://localhost/vidly_mine_tests...","level":"info"}
{"message":"listening on port 3000...","level":"info"}
{"message":"Connected to mongodb://localhost/vidly_mine_tests...","level":"info"}
{"message":"listening on port 3000...","level":"info"}
{"message":"Connected to mongodb://localhost/vidly_mine_tests...","level":"info"}
{"message":"listening on port 3000...","level":"info"}
{"message":"Connected to mongodb://localhost/vidly_mine_tests...","level":"info"}
